#
# There is insufficient memory for the Java Runtime Environment to continue.
# Native memory allocation (mmap) failed to map 268435456 bytes for G1 virtual space
# Possible reasons:
#   The system is out of physical RAM or swap space
#   The process is running with CompressedOops enabled, and the Java Heap may be blocking the growth of the native heap
# Possible solutions:
#   Reduce memory load on the system
#   Increase physical memory or swap space
#   Check if swap backing store is full
#   Decrease Java heap size (-Xmx/-Xms)
#   Decrease number of Java threads
#   Decrease Java thread stack sizes (-Xss)
#   Set larger code cache with -XX:ReservedCodeCacheSize=
#   JVM is running with Zero Based Compressed Oops mode in which the Java heap is
#     placed in the first 32GB address space. The Java Heap base address is the
#     maximum limit for the native heap growth. Please use -XX:HeapBaseMinAddress
#     to set the Java Heap base and to place the Java Heap above 32GB virtual address.
# This output file may be truncated or incomplete.
#
#  Out of Memory Error (os_windows.cpp:3825), pid=44768, tid=44324
#
# JRE version:  (17.0.10+1) (build )
# Java VM: OpenJDK 64-Bit Server VM (17.0.10+1-b1087.21, mixed mode, sharing, tiered, compressed oops, compressed class ptrs, g1 gc, windows-amd64)
# No core dump will be written. Minidumps are not enabled by default on client versions of Windows
#

---------------  S U M M A R Y ------------

Command Line: git4idea.http.GitAskPassApp Username for 'https://github.com': 

Host: Intel(R) Core(TM) i7-4720HQ CPU @ 2.60GHz, 8 cores, 15G,  Windows 10 , 64 bit Build 19041 (10.0.19041.3636)
Time: Mon Mar 25 15:30:52 2024 Ulaanbaatar Standard Time elapsed time: 0.090639 seconds (0d 0h 0m 0s)

---------------  T H R E A D  ---------------

Current thread (0x000002d563a02510):  JavaThread "Unknown thread" [_thread_in_vm, id=44324, stack(0x000000d794a00000,0x000000d794b00000)]

Stack: [0x000000d794a00000,0x000000d794b00000]
Native frames: (J=compiled Java code, j=interpreted, Vv=VM code, C=native code)
V  [jvm.dll+0x688ac9]
V  [jvm.dll+0x84220a]
V  [jvm.dll+0x843e4e]
V  [jvm.dll+0x8444b3]
V  [jvm.dll+0x24ba8f]
V  [jvm.dll+0x685899]
V  [jvm.dll+0x67a14a]
V  [jvm.dll+0x30c7eb]
V  [jvm.dll+0x313c96]
V  [jvm.dll+0x363a2e]
V  [jvm.dll+0x363c5f]
V  [jvm.dll+0x2e25b8]
V  [jvm.dll+0x2e3524]
V  [jvm.dll+0x812d71]
V  [jvm.dll+0x3718e1]
V  [jvm.dll+0x7f18d6]
V  [jvm.dll+0x3f553f]
V  [jvm.dll+0x3f7171]
C  [jli.dll+0x528f]
C  [ucrtbase.dll+0x21bb2]
C  [KERNEL32.DLL+0x17344]
C  [ntdll.dll+0x526b1]


---------------  P R O C E S S  ---------------

Threads class SMR info:
_java_thread_list=0x00007ffa1fccef58, length=0, elements={
}

Java Threads: ( => current thread )

Other Threads:
  0x000002d563a6b440 GCTaskThread "GC Thread#0" [stack: 0x000000d794b00000,0x000000d794c00000] [id=27984]
  0x000002d563a7c220 ConcurrentGCThread "G1 Main Marker" [stack: 0x000000d794c00000,0x000000d794d00000] [id=42852]
  0x000002d563a7d3e0 ConcurrentGCThread "G1 Conc#0" [stack: 0x000000d794d00000,0x000000d794e00000] [id=28488]

[error occurred during error reporting (printing all threads), id 0xc0000005, EXCEPTION_ACCESS_VIOLATION (0xc0000005) at pc=0x00007ffa1f483187]

VM state: not at safepoint (not fully initialized)

VM Mutex/Monitor currently owned by a thread:  ([mutex/lock_event])
[0x000002d5639ff3f0] Heap_lock - owner thread: 0x000002d563a02510

Heap address: 0x0000000701600000, size: 4074 MB, Compressed Oops mode: Zero based, Oop shift amount: 3

CDS archive(s) mapped at: [0x0000000000000000-0x0000000000000000-0x0000000000000000), size 0, SharedBaseAddress: 0x0000000800000000, ArchiveRelocationMode: 1.
Narrow klass base: 0x0000000000000000, Narrow klass shift: 0, Narrow klass range: 0x0

GC Precious Log:
<Empty>

Heap:
 garbage-first heap   total 0K, used 0K [0x0000000701600000, 0x0000000800000000)
  region size 2048K, 0 young (0K), 0 survivors (0K)
 Metaspace       used 0K, committed 0K, reserved 0K
  class space    used 0K, committed 0K, reserved 0K

Heap Regions: E=young(eden), S=young(survivor), O=old, HS=humongous(starts), HC=humongous(continues), CS=collection set, F=free, OA=open archive, CA=closed archive, TAMS=top-at-mark-start (previous, next)

Card table byte_map: [0x000002d576cc0000,0x000002d5774c0000] _byte_map_base: 0x000002d5734b5000

Marking Bits (Prev, Next): (CMBitMap*) 0x000002d563a6ba60, (CMBitMap*) 0x000002d563a6baa0
 Prev Bits: [0x000002d577cc0000, 0x000002d57bc68000)
 Next Bits: [0x000002d57bc70000, 0x000002d57fc18000)

GC Heap History (0 events):
No events

Dll operation events (1 events):
Event: 0.007 Loaded shared library D:\PhpStorm\PhpStorm 2023.3.5\jbr\bin\java.dll

Deoptimization events (0 events):
No events

Classes unloaded (0 events):
No events

Classes redefined (0 events):
No events

Internal exceptions (0 events):
No events

VM Operations (0 events):
No events

Events (0 events):
No events


Dynamic libraries:
0x00007ff63ed60000 - 0x00007ff63ed6a000 	D:\PhpStorm\PhpStorm 2023.3.5\jbr\bin\java.exe
0x00007ffaa4c10000 - 0x00007ffaa4e08000 	C:\WINDOWS\SYSTEM32\ntdll.dll
0x00007ffaa4480000 - 0x00007ffaa453d000 	C:\WINDOWS\System32\KERNEL32.DLL
0x00007ffaa23f0000 - 0x00007ffaa26e6000 	C:\WINDOWS\System32\KERNELBASE.dll
0x00007ffaa22c0000 - 0x00007ffaa23c0000 	C:\WINDOWS\System32\ucrtbase.dll
0x00007ffa92b90000 - 0x00007ffa92ba7000 	D:\PhpStorm\PhpStorm 2023.3.5\jbr\bin\jli.dll
0x00007ffa8a020000 - 0x00007ffa8a03b000 	D:\PhpStorm\PhpStorm 2023.3.5\jbr\bin\VCRUNTIME140.dll
0x00007ffaa4800000 - 0x00007ffaa499e000 	C:\WINDOWS\System32\USER32.dll
0x00007ffaa23c0000 - 0x00007ffaa23e2000 	C:\WINDOWS\System32\win32u.dll
0x00007ffa93520000 - 0x00007ffa937ba000 	C:\WINDOWS\WinSxS\amd64_microsoft.windows.common-controls_6595b64144ccf1df_6.0.19041.3636_none_60b6a03d71f818d5\COMCTL32.dll
0x00007ffaa4450000 - 0x00007ffaa447b000 	C:\WINDOWS\System32\GDI32.dll
0x00007ffaa2ea0000 - 0x00007ffaa2f3e000 	C:\WINDOWS\System32\msvcrt.dll
0x00007ffaa2b20000 - 0x00007ffaa2c37000 	C:\WINDOWS\System32\gdi32full.dll
0x00007ffaa2880000 - 0x00007ffaa291d000 	C:\WINDOWS\System32\msvcp_win.dll
0x00007ffaa2e60000 - 0x00007ffaa2e92000 	C:\WINDOWS\System32\IMM32.DLL
0x00007ffa9d7f0000 - 0x00007ffa9d7fc000 	D:\PhpStorm\PhpStorm 2023.3.5\jbr\bin\vcruntime140_1.dll
0x00007ffa57880000 - 0x00007ffa5790d000 	D:\PhpStorm\PhpStorm 2023.3.5\jbr\bin\msvcp140.dll
0x00007ffa1f190000 - 0x00007ffa1fe13000 	D:\PhpStorm\PhpStorm 2023.3.5\jbr\bin\server\jvm.dll
0x00007ffaa3960000 - 0x00007ffaa3a10000 	C:\WINDOWS\System32\ADVAPI32.dll
0x00007ffaa34f0000 - 0x00007ffaa3590000 	C:\WINDOWS\System32\sechost.dll
0x00007ffaa4540000 - 0x00007ffaa4665000 	C:\WINDOWS\System32\RPCRT4.dll
0x00007ffaa2920000 - 0x00007ffaa2947000 	C:\WINDOWS\System32\bcrypt.dll
0x00007ffaa1800000 - 0x00007ffaa184b000 	C:\WINDOWS\SYSTEM32\POWRPROF.dll
0x00007ffa9c130000 - 0x00007ffa9c139000 	C:\WINDOWS\SYSTEM32\WSOCK32.dll
0x00007ffa934f0000 - 0x00007ffa93517000 	C:\WINDOWS\SYSTEM32\WINMM.dll
0x00007ffaa38f0000 - 0x00007ffaa395b000 	C:\WINDOWS\System32\WS2_32.dll
0x00007ffa9cce0000 - 0x00007ffa9ccea000 	C:\WINDOWS\SYSTEM32\VERSION.dll
0x00007ffaa16d0000 - 0x00007ffaa16e2000 	C:\WINDOWS\SYSTEM32\UMPDC.dll
0x00007ffaa0b00000 - 0x00007ffaa0b12000 	C:\WINDOWS\SYSTEM32\kernel.appcore.dll
0x00007ffa9aec0000 - 0x00007ffa9aeca000 	D:\PhpStorm\PhpStorm 2023.3.5\jbr\bin\jimage.dll
0x00007ffa9fea0000 - 0x00007ffaa0084000 	C:\WINDOWS\SYSTEM32\DBGHELP.DLL
0x00007ffa8f0c0000 - 0x00007ffa8f0f4000 	C:\WINDOWS\SYSTEM32\dbgcore.DLL
0x00007ffaa27f0000 - 0x00007ffaa2872000 	C:\WINDOWS\System32\bcryptPrimitives.dll
0x00007ffa72010000 - 0x00007ffa72035000 	D:\PhpStorm\PhpStorm 2023.3.5\jbr\bin\java.dll

dbghelp: loaded successfully - version: 4.0.5 - missing functions: none
symbol engine: initialized successfully - sym options: 0x614 - pdb path: .;D:\PhpStorm\PhpStorm 2023.3.5\jbr\bin;C:\WINDOWS\SYSTEM32;C:\WINDOWS\WinSxS\amd64_microsoft.windows.common-controls_6595b64144ccf1df_6.0.19041.3636_none_60b6a03d71f818d5;D:\PhpStorm\PhpStorm 2023.3.5\jbr\bin\server

VM Arguments:
java_command: git4idea.http.GitAskPassApp Username for 'https://github.com': 
java_class_path (initial): D:/PhpStorm/PhpStorm 2023.3.5/plugins/vcs-git/lib/git4idea-rt.jar;D:/PhpStorm/PhpStorm 2023.3.5/lib/externalProcess-rt.jar
Launcher Type: SUN_STANDARD

[Global flags]
     intx CICompilerCount                          = 4                                         {product} {ergonomic}
     uint ConcGCThreads                            = 2                                         {product} {ergonomic}
     uint G1ConcRefinementThreads                  = 8                                         {product} {ergonomic}
   size_t G1HeapRegionSize                         = 2097152                                   {product} {ergonomic}
    uintx GCDrainStackTargetSize                   = 64                                        {product} {ergonomic}
   size_t InitialHeapSize                          = 268435456                                 {product} {ergonomic}
   size_t MarkStackSize                            = 4194304                                   {product} {ergonomic}
   size_t MaxHeapSize                              = 4271898624                                {product} {ergonomic}
   size_t MinHeapDeltaBytes                        = 2097152                                   {product} {ergonomic}
   size_t MinHeapSize                              = 8388608                                   {product} {ergonomic}
    uintx NonNMethodCodeHeapSize                   = 5839372                                {pd product} {ergonomic}
    uintx NonProfiledCodeHeapSize                  = 122909434                              {pd product} {ergonomic}
    uintx ProfiledCodeHeapSize                     = 122909434                              {pd product} {ergonomic}
    uintx ReservedCodeCacheSize                    = 251658240                              {pd product} {ergonomic}
     bool SegmentedCodeCache                       = true                                      {product} {ergonomic}
   size_t SoftMaxHeapSize                          = 4271898624                             {manageable} {ergonomic}
     bool UseCompressedClassPointers               = true                           {product lp64_product} {ergonomic}
     bool UseCompressedOops                        = true                           {product lp64_product} {ergonomic}
     bool UseG1GC                                  = true                                      {product} {ergonomic}
     bool UseLargePagesIndividualAllocation        = false                                  {pd product} {ergonomic}

Logging:
Log output configuration:
 #0: stdout all=warning uptime,level,tags
 #1: stderr all=off uptime,level,tags

Environment Variables:
PATH=D:\Git\mingw64\libexec\git-core;D:\Git\mingw64\libexec\git-core;D:\Git\mingw64\bin;D:\Git\usr\bin;C:\Users\nnar2\bin;C:\Program Files (x86)\Common Files\Oracle\Java\javapath;C:\WINDOWS\system32;C:\WINDOWS;C:\WINDOWS\System32\Wbem;C:\WINDOWS\System32\WindowsPowerShell\v1.0;C:\WINDOWS\System32\OpenSSH;C:\Program Files\Microsoft VS Code\bin;C:\Program Files (x86)\NVIDIA Corporation\PhysX\Common;C:\Program Files\Microsoft SQL Server\Client SDK\ODBC\170\Tools\Binn;C:\Program Files\dotnet;C:\Program Files (x86)\Microsoft SQL Server\150\DTS\Binn;C:\Program Files\Azure Data Studio\bin;C:\Program Files (x86)\Microsoft SQL Server\150\Tools\Binn;C:\Program Files\Microsoft SQL Server\150\Tools\Binn;C:\Program Files\Microsoft SQL Server\150\DTS\Binn;C:\Program Files\Microsoft\Web Platform Installer;C:\Program Files (x86)\Microsoft ASP.NET\ASP.NET Web Pages\v1.0;C:\Program Files\Microsoft SQL Server\110\Tools\Binn;C:\Program Files\NVIDIA Corporation\NVIDIA NvDLISR;C:\xampp\php;C:\composer;D:\Node;D:\Git\cmd;C:\Users\nnar2\AppData\Local\Microsoft\WindowsApps;C:\Users\nnar2\.dotnet\tools;C:\Program Files\Azure Data Studio\bin;C:\Program Files\Azure Data Studio\bin;C:\Users\nnar2\AppData\Roaming\Composer\vendor\bin;C:\Users\nnar2\AppData\Roaming\npm;D:\PhpStorm\PhpStorm 2023.3.5\bin
USERNAME=nnar2
DISPLAY=:0.0
LC_ALL=en_US.UTF-8
TERM=xterm-256color
TMPDIR=C:\Users\nnar2\AppData\Local\Temp
OS=Windows_NT
PROCESSOR_IDENTIFIER=Intel64 Family 6 Model 60 Stepping 3, GenuineIntel
TMP=C:\Users\nnar2\AppData\Local\Temp
TEMP=C:\Users\nnar2\AppData\Local\Temp



Periodic native trim disabled

JNI global refs:
JNI global refs: 0, weak refs: 0

JNI global refs memory usage: 0, weak refs: 0

OOME stack traces (most recent first):
Classloader memory used:


---------------  S Y S T E M  ---------------

OS:
 Windows 10 , 64 bit Build 19041 (10.0.19041.3636)
OS uptime: 3 days 5:59 hours

CPU: total 8 (initial active 8) (4 cores per cpu, 2 threads per core) family 6 model 60 stepping 3 microcode 0x27, cx8, cmov, fxsr, ht, mmx, sse, sse2, sse3, ssse3, sse4.1, sse4.2, popcnt, lzcnt, tsc, tscinvbit, avx, avx2, aes, erms, clmul, bmi1, bmi2, fma, vzeroupper, clflush
Processor Information for all 8 processors :
  Max Mhz: 2601, Current Mhz: 2601, Mhz Limit: 2601

Memory: 4k page, system-wide physical 16291M (3907M free)
TotalPageFile size 16291M (AvailPageFile size 253M)
current process WorkingSet (physical memory assigned to process): 10M, peak: 10M
current process commit charge ("private bytes"): 60M, peak: 316M

vm_info: OpenJDK 64-Bit Server VM (17.0.10+1-b1087.21) for windows-amd64 JRE (17.0.10+1-b1087.21), built on 2024-03-02 by "builduser" with MS VC++ 16.10 / 16.11 (VS2019)

END.
